<?xml version="1.0" encoding="UTF-8"?>
<!-- Generated by org.testng.reporters.JUnitReportReporter -->
<testsuite hostname="DESKTOP-2UJNUR9" failures="0" tests="1" name="scripts.Testcase1" time="35.814" errors="0" timestamp="2022-05-19T08:36:42 IST" skipped="0">
  <testcase classname="scripts.Testcase1" name="tc1" time="35.814"/>
  <system-out/>
</testsuite> <!-- scripts.Testcase1 -->
